# JRE version: Java(TM) SE Runtime Environment (23.0.2+7) (build 23.0.2+7-58)
# Java VM: Java HotSpot(TM) 64-Bit Server VM (23.0.2+7-58, mixed mode, emulated-client, sharing, tiered, compressed oops, compressed class ptrs, g1 gc, windows-amd64)
GC Precious Log:
 CardTable entry size: 512
 Card Set container configuration: InlinePtr #cards 5 size 8 Array Of Cards #cards 10 size 36 Howl #buckets 4 coarsen threshold 1843 Howl Bitmap #cards 512 size 80 coarsen threshold 460 Card regions per heap region 1 cards per card region 2048
 CPUs: 6 total, 6 available
 Memory: 8059M
 Large Page Support: Disabled
 NUMA Support: Disabled
 Compressed Oops: Enabled (32-bit)
 Heap Region Size: 1M
 Heap Min Capacity: 8M
 Heap Initial Capacity: 126M
 Heap Max Capacity: 2016M
 Pre-touch: Disabled
 Parallel Workers: 6
 Concurrent Workers: 2
 Concurrent Refinement Workers: 6
 Periodic GC: Disabled
Heap:
 garbage-first heap   total reserved 2064384K, committed 84992K, used 46209K [0x0000000082000000, 0x0000000100000000)
  region size 1024K, 2 young (2048K), 1 survivors (1024K)
 Metaspace       used 87114K, committed 88000K, reserved 1179648K
  class space    used 12991K, committed 13376K, reserved 1048576K
GC Heap History (20 events):
Event: 7.042 GC heap before
{Heap before GC invocations=24 (full 0):
 garbage-first heap   total reserved 2064384K, committed 70656K, used 61698K [0x0000000082000000, 0x0000000100000000)
  region size 1024K, 27 young (27648K), 3 survivors (3072K)
 Metaspace       used 79202K, committed 79936K, reserved 1179648K
  class space    used 11715K, committed 12032K, reserved 1048576K
}
Event: 7.047 GC heap after
{Heap after GC invocations=25 (full 0):
 garbage-first heap   total reserved 2064384K, committed 70656K, used 39685K [0x0000000082000000, 0x0000000100000000)
  region size 1024K, 4 young (4096K), 4 survivors (4096K)
 Metaspace       used 79202K, committed 79936K, reserved 1179648K
  class space    used 11715K, committed 12032K, reserved 1048576K
}
Event: 7.321 GC heap before
{Heap before GC invocations=25 (full 0):
 garbage-first heap   total reserved 2064384K, committed 70656K, used 61189K [0x0000000082000000, 0x0000000100000000)
  region size 1024K, 25 young (25600K), 4 survivors (4096K)
 Metaspace       used 80160K, committed 80896K, reserved 1179648K
  class space    used 11877K, committed 12160K, reserved 1048576K
}
Event: 7.324 GC heap after
{Heap after GC invocations=26 (full 0):
 garbage-first heap   total reserved 2064384K, committed 70656K, used 40936K [0x0000000082000000, 0x0000000100000000)
  region size 1024K, 4 young (4096K), 4 survivors (4096K)
 Metaspace       used 80160K, committed 80896K, reserved 1179648K
  class space    used 11877K, committed 12160K, reserved 1048576K
}
Event: 7.570 GC heap before
{Heap before GC invocations=27 (full 0):
 garbage-first heap   total reserved 2064384K, committed 70656K, used 61416K [0x0000000082000000, 0x0000000100000000)
  region size 1024K, 24 young (24576K), 4 survivors (4096K)
 Metaspace       used 80910K, committed 81664K, reserved 1179648K
  class space    used 12029K, committed 12352K, reserved 1048576K
}
Event: 7.574 GC heap after
{Heap after GC invocations=28 (full 0):
 garbage-first heap   total reserved 2064384K, committed 84992K, used 42382K [0x0000000082000000, 0x0000000100000000)
  region size 1024K, 3 young (3072K), 3 survivors (3072K)
 Metaspace       used 80910K, committed 81664K, reserved 1179648K
  class space    used 12029K, committed 12352K, reserved 1048576K
}
Event: 7.996 GC heap before
{Heap before GC invocations=28 (full 0):
 garbage-first heap   total reserved 2064384K, committed 84992K, used 76174K [0x0000000082000000, 0x0000000100000000)
  region size 1024K, 36 young (36864K), 3 survivors (3072K)
 Metaspace       used 82393K, committed 83136K, reserved 1179648K
  class space    used 12260K, committed 12608K, reserved 1048576K
}
Event: 8.001 GC heap after
{Heap after GC invocations=29 (full 0):
 garbage-first heap   total reserved 2064384K, committed 84992K, used 45014K [0x0000000082000000, 0x0000000100000000)
  region size 1024K, 5 young (5120K), 5 survivors (5120K)
 Metaspace       used 82393K, committed 83136K, reserved 1179648K
  class space    used 12260K, committed 12608K, reserved 1048576K
}
Event: 9.039 GC heap before
{Heap before GC invocations=29 (full 0):
 garbage-first heap   total reserved 2064384K, committed 84992K, used 72662K [0x0000000082000000, 0x0000000100000000)
  region size 1024K, 33 young (33792K), 5 survivors (5120K)
 Metaspace       used 85682K, committed 86592K, reserved 1179648K
  class space    used 12786K, committed 13184K, reserved 1048576K
}
Event: 9.046 GC heap after
{Heap after GC invocations=30 (full 0):
 garbage-first heap   total reserved 2064384K, committed 84992K, used 46201K [0x0000000082000000, 0x0000000100000000)
  region size 1024K, 3 young (3072K), 3 survivors (3072K)
 Metaspace       used 85682K, committed 86592K, reserved 1179648K
  class space    used 12786K, committed 13184K, reserved 1048576K
}
Event: 10645.044 GC heap before
{Heap before GC invocations=31 (full 0):
 garbage-first heap   total reserved 2064384K, committed 84992K, used 74873K [0x0000000082000000, 0x0000000100000000)
  region size 1024K, 32 young (32768K), 3 survivors (3072K)
 Metaspace       used 87109K, committed 88000K, reserved 1179648K
  class space    used 12989K, committed 13376K, reserved 1048576K
}
Event: 10655.210 GC heap after
{Heap after GC invocations=32 (full 0):
 garbage-first heap   total reserved 2064384K, committed 84992K, used 46928K [0x0000000082000000, 0x0000000100000000)
  region size 1024K, 3 young (3072K), 3 survivors (3072K)
 Metaspace       used 87109K, committed 88000K, reserved 1179648K
  class space    used 12989K, committed 13376K, reserved 1048576K
}
Event: 10657.647 GC heap before
{Heap before GC invocations=32 (full 0):
 garbage-first heap   total reserved 2064384K, committed 84992K, used 47952K [0x0000000082000000, 0x0000000100000000)
  region size 1024K, 4 young (4096K), 3 survivors (3072K)
 Metaspace       used 87109K, committed 88000K, reserved 1179648K
  class space    used 12989K, committed 13376K, reserved 1048576K
}
Event: 10658.265 GC heap after
{Heap after GC invocations=33 (full 0):
 garbage-first heap   total reserved 2064384K, committed 84992K, used 46549K [0x0000000082000000, 0x0000000100000000)
  region size 1024K, 1 young (1024K), 1 survivors (1024K)
 Metaspace       used 87109K, committed 88000K, reserved 1179648K
  class space    used 12989K, committed 13376K, reserved 1048576K
}
Event: 12424.029 GC heap before
{Heap before GC invocations=33 (full 0):
 garbage-first heap   total reserved 2064384K, committed 84992K, used 49621K [0x0000000082000000, 0x0000000100000000)
  region size 1024K, 4 young (4096K), 1 survivors (1024K)
 Metaspace       used 87111K, committed 88000K, reserved 1179648K
  class space    used 12989K, committed 13376K, reserved 1048576K
}
Event: 12426.472 GC heap after
{Heap after GC invocations=34 (full 0):
 garbage-first heap   total reserved 2064384K, committed 84992K, used 46468K [0x0000000082000000, 0x0000000100000000)
  region size 1024K, 1 young (1024K), 1 survivors (1024K)
 Metaspace       used 87111K, committed 88000K, reserved 1179648K
  class space    used 12989K, committed 13376K, reserved 1048576K
}
Event: 13117.298 GC heap before
{Heap before GC invocations=34 (full 0):
 garbage-first heap   total reserved 2064384K, committed 84992K, used 49540K [0x0000000082000000, 0x0000000100000000)
  region size 1024K, 4 young (4096K), 1 survivors (1024K)
 Metaspace       used 87114K, committed 88000K, reserved 1179648K
  class space    used 12991K, committed 13376K, reserved 1048576K
}
Event: 13117.586 GC heap after
{Heap after GC invocations=35 (full 0):
 garbage-first heap   total reserved 2064384K, committed 84992K, used 46223K [0x0000000082000000, 0x0000000100000000)
  region size 1024K, 1 young (1024K), 1 survivors (1024K)
 Metaspace       used 87114K, committed 88000K, reserved 1179648K
  class space    used 12991K, committed 13376K, reserved 1048576K
}
Event: 14262.880 GC heap before
{Heap before GC invocations=35 (full 0):
 garbage-first heap   total reserved 2064384K, committed 84992K, used 49295K [0x0000000082000000, 0x0000000100000000)
  region size 1024K, 4 young (4096K), 1 survivors (1024K)
 Metaspace       used 87114K, committed 88000K, reserved 1179648K
  class space    used 12991K, committed 13376K, reserved 1048576K
}
Event: 14262.964 GC heap after
{Heap after GC invocations=36 (full 0):
 garbage-first heap   total reserved 2064384K, committed 84992K, used 46209K [0x0000000082000000, 0x0000000100000000)
  region size 1024K, 1 young (1024K), 1 survivors (1024K)
 Metaspace       used 87114K, committed 88000K, reserved 1179648K
  class space    used 12991K, committed 13376K, reserved 1048576K
}

